Jun-03 14:28:06.411 [main] DEBUG nextflow.cli.Launcher - $> nextflow run /xdisk/rpalaniv/cjperkins1/kmers-gwas/nextflow/workflows/nfkgwas.nf -c /home/u28/cjperkins1/git/pollen_quantitative_genetics/nextflow/config/2025-06-02_nfkgwas_combined_read.config --samplesheet /home/u28/cjperkins1/git/pollen_quantitative_genetics/nextflow/samplesheets/combined_read_test1.tsv --outdir /xdisk/rpalaniv/cjperkins1/kmers-gwas/nextflow/2025-06-02_nfkgwas_fastq_cleanup_test --cleanup_fastq true -resume
Jun-03 14:28:06.531 [main] DEBUG nextflow.cli.CmdRun - N E X T F L O W  ~  version 25.04.2
Jun-03 14:28:06.606 [main] DEBUG nextflow.plugin.PluginsFacade - Setting up plugin manager > mode=prod; embedded=false; plugins-dir=/home/u28/cjperkins1/.nextflow/plugins; core-plugins: nf-amazon@2.15.0,nf-azure@1.16.0,nf-cloudcache@0.4.3,nf-codecommit@0.2.3,nf-console@1.2.1,nf-google@1.21.0,nf-k8s@1.0.0,nf-tower@1.11.2,nf-wave@1.12.1
Jun-03 14:28:06.672 [main] INFO  o.pf4j.DefaultPluginStatusProvider - Enabled plugins: []
Jun-03 14:28:06.674 [main] INFO  o.pf4j.DefaultPluginStatusProvider - Disabled plugins: []
Jun-03 14:28:06.676 [main] INFO  org.pf4j.DefaultPluginManager - PF4J version 3.12.0 in 'deployment' mode
Jun-03 14:28:06.695 [main] INFO  org.pf4j.AbstractPluginManager - No plugins
Jun-03 14:28:06.734 [main] DEBUG nextflow.config.ConfigBuilder - User config file: /home/u28/cjperkins1/git/pollen_quantitative_genetics/nextflow/config/2025-06-02_nfkgwas_combined_read.config
Jun-03 14:28:06.736 [main] DEBUG nextflow.config.ConfigBuilder - Parsing config file: /home/u28/cjperkins1/git/pollen_quantitative_genetics/nextflow/config/2025-06-02_nfkgwas_combined_read.config
Jun-03 14:28:06.778 [main] DEBUG n.secret.LocalSecretsProvider - Secrets store: /home/u28/cjperkins1/.nextflow/secrets/store.json
Jun-03 14:28:06.783 [main] DEBUG nextflow.secret.SecretsLoader - Discovered secrets providers: [nextflow.secret.LocalSecretsProvider@7e46d648] - activable => nextflow.secret.LocalSecretsProvider@7e46d648
Jun-03 14:28:06.799 [main] DEBUG nextflow.config.ConfigBuilder - Applying config profile: `standard`
Jun-03 14:28:07.416 [main] WARN  nextflow.config.ConfigBuilder - It appears you have never run this project before -- Option `-resume` is ignored
Jun-03 14:28:07.448 [main] DEBUG nextflow.cli.CmdRun - Applied DSL=2 by global default
Jun-03 14:28:07.485 [main] DEBUG nextflow.cli.CmdRun - Launching `/xdisk/rpalaniv/cjperkins1/kmers-gwas/nextflow/workflows/nfkgwas.nf` [big_allen] DSL2 - revision: 716565cd08
Jun-03 14:28:07.487 [main] DEBUG nextflow.plugin.PluginsFacade - Plugins declared=[nf-boost]
Jun-03 14:28:07.487 [main] DEBUG nextflow.plugin.PluginsFacade - Plugins default=[]
Jun-03 14:28:07.487 [main] DEBUG nextflow.plugin.PluginsFacade - Plugins resolved requirement=[nf-boost]
Jun-03 14:28:07.489 [main] DEBUG nextflow.plugin.PluginUpdater - Installing plugin nf-boost version: latest
Jun-03 14:28:08.433 [main] DEBUG nextflow.plugin.PluginUpdater - Plugin nf-boost version null resolved to: 0.5.0
Jun-03 14:28:08.460 [main] INFO  org.pf4j.AbstractPluginManager - Plugin 'nf-boost@0.5.0' resolved
Jun-03 14:28:08.460 [main] INFO  org.pf4j.AbstractPluginManager - Start plugin 'nf-boost@0.5.0'
Jun-03 14:28:08.474 [main] DEBUG nextflow.plugin.BasePlugin - Plugin started nf-boost@0.5.0
Jun-03 14:28:08.556 [main] DEBUG nextflow.Session - Session UUID: 7a218be7-ab96-4449-8835-c9e998cb382a
Jun-03 14:28:08.557 [main] DEBUG nextflow.Session - Run name: big_allen
Jun-03 14:28:08.557 [main] DEBUG nextflow.Session - Executor pool size: 94
Jun-03 14:28:08.566 [main] DEBUG nextflow.file.FilePorter - File porter settings maxRetries=3; maxTransfers=50; pollTimeout=null
Jun-03 14:28:08.571 [main] DEBUG nextflow.util.ThreadPoolBuilder - Creating thread pool 'FileTransfer' minSize=10; maxSize=282; workQueue=LinkedBlockingQueue[-1]; allowCoreThreadTimeout=false
Jun-03 14:28:08.631 [main] DEBUG nextflow.cli.CmdRun - 
  Version: 25.04.2 build 5947
  Created: 13-05-2025 21:58 UTC (14:58 MDT)
  System: Linux 5.14.0-503.38.1.el9_5.x86_64
  Runtime: Groovy 4.0.26 on OpenJDK 64-Bit Server VM 23.0.2-internal-adhoc.conda.src
  Encoding: UTF-8 (UTF-8)
  Process: 1596667@r3u31n2.puma.hpc.arizona.edu [10.141.17.88]
  CPUs: 94 - Mem: 503.7 GB (475.8 GB) - Swap: 0 (0)
Jun-03 14:28:08.678 [main] DEBUG nextflow.Session - Work-dir: /home/u28/cjperkins1/git/pollen_quantitative_genetics/nextflow/slurm/work [nfs]
Jun-03 14:28:08.680 [main] DEBUG nextflow.Session - Script base path does not exist or is not a directory: /xdisk/rpalaniv/cjperkins1/kmers-gwas/nextflow/workflows/bin
Jun-03 14:28:08.704 [main] DEBUG nextflow.executor.ExecutorFactory - Extension executors providers=[]
Jun-03 14:28:08.720 [main] DEBUG nextflow.Session - Observer factory: DefaultObserverFactory
Jun-03 14:28:08.724 [main] DEBUG nextflow.Session - Observer factory: BoostObserverFactory
Jun-03 14:28:08.790 [main] DEBUG nextflow.Session - Observer factory (v2): LinObserverFactory
Jun-03 14:28:08.818 [main] DEBUG nextflow.cache.CacheFactory - Using Nextflow cache factory: nextflow.cache.DefaultCacheFactory
Jun-03 14:28:08.831 [main] DEBUG nextflow.util.CustomThreadPool - Creating default thread pool > poolSize: 95; maxThreads: 1000
Jun-03 14:28:08.991 [main] DEBUG nextflow.Session - Session start
Jun-03 14:28:09.259 [main] DEBUG nextflow.script.ScriptRunner - > Launching execution
Jun-03 14:28:09.272 [main] INFO  nextflow.Nextflow - NF - K - M E R S - G W A S   P I P E L I N E
============================================
samplesheet  : /home/u28/cjperkins1/git/pollen_quantitative_genetics/nextflow/samplesheets/combined_read_test1.tsv
outdir       : /xdisk/rpalaniv/cjperkins1/kmers-gwas/nextflow/2025-06-02_nfkgwas_fastq_cleanup_test

Jun-03 14:28:09.864 [main] DEBUG nextflow.script.ProcessConfig - Config settings `withName:INSTALL_KMERS_GWAS` matches process INSTALL_KMERS_GWAS
Jun-03 14:28:09.872 [main] DEBUG nextflow.executor.ExecutorFactory - << taskConfig executor: slurm
Jun-03 14:28:09.872 [main] DEBUG nextflow.executor.ExecutorFactory - >> processorType: 'slurm'
Jun-03 14:28:09.882 [main] DEBUG nextflow.executor.Executor - [warm up] executor > slurm
Jun-03 14:28:09.890 [main] DEBUG n.processor.TaskPollingMonitor - Creating task monitor for executor 'slurm' > capacity: 100; pollInterval: 5s; dumpInterval: 5m 
Jun-03 14:28:09.894 [main] DEBUG n.processor.TaskPollingMonitor - >>> barrier register (monitor: slurm)
Jun-03 14:28:09.896 [main] DEBUG n.executor.AbstractGridExecutor - Creating executor 'slurm' > queue-stat-interval: 1m
Jun-03 14:28:09.915 [main] DEBUG nextflow.processor.TaskProcessor - Creating process 'INSTALL_KMERS_GWAS': maxForks=0; fair=false; array=0
Jun-03 14:28:09.981 [main] DEBUG nextflow.executor.ExecutorFactory - << taskConfig executor: slurm
Jun-03 14:28:09.981 [main] DEBUG nextflow.executor.ExecutorFactory - >> processorType: 'slurm'
Jun-03 14:28:09.982 [main] WARN  nextflow.executor.ExecutorFactory - Process 'MAKE_KMC_READ_PATHS_FILE' cannot be executed by 'slurm' executor -- Using 'local' executor instead
Jun-03 14:28:09.985 [main] DEBUG nextflow.executor.Executor - [warm up] executor > local
Jun-03 14:28:09.987 [main] DEBUG n.processor.LocalPollingMonitor - Creating local task monitor for executor 'local' > cpus=94; memory=503.7 GB; capacity=94; pollInterval=100ms; dumpInterval=5m
Jun-03 14:28:09.988 [main] DEBUG n.processor.TaskPollingMonitor - >>> barrier register (monitor: local)
Jun-03 14:28:09.991 [main] DEBUG nextflow.processor.TaskProcessor - Creating process 'MAKE_KMC_READ_PATHS_FILE': maxForks=0; fair=false; array=0
Jun-03 14:28:10.008 [main] DEBUG nextflow.script.ProcessConfig - Config settings `withName:KMC_COUNT_CANONIZED` matches process KMC_COUNT_CANONIZED
Jun-03 14:28:10.010 [main] DEBUG nextflow.executor.ExecutorFactory - << taskConfig executor: slurm
Jun-03 14:28:10.010 [main] DEBUG nextflow.executor.ExecutorFactory - >> processorType: 'slurm'
Jun-03 14:28:10.011 [main] DEBUG nextflow.processor.TaskProcessor - Creating process 'KMC_COUNT_CANONIZED': maxForks=0; fair=false; array=0
Jun-03 14:28:10.021 [main] WARN  n.boost.cleanup.CleanupObserverV1 - Process `KMC_COUNT_CANONIZED` is publishing files as symlinks, which may be invalidated by automatic cleanup -- consider using 'copy' or 'link' instead
Jun-03 14:28:10.037 [main] DEBUG nextflow.script.ProcessConfig - Config settings `withName:KMC_COUNT_ALL` matches process KMC_COUNT_ALL
Jun-03 14:28:10.039 [main] DEBUG nextflow.executor.ExecutorFactory - << taskConfig executor: slurm
Jun-03 14:28:10.039 [main] DEBUG nextflow.executor.ExecutorFactory - >> processorType: 'slurm'
Jun-03 14:28:10.039 [main] DEBUG nextflow.processor.TaskProcessor - Creating process 'KMC_COUNT_ALL': maxForks=0; fair=false; array=0
Jun-03 14:28:10.043 [main] WARN  n.boost.cleanup.CleanupObserverV1 - Process `KMC_COUNT_ALL` is publishing files as symlinks, which may be invalidated by automatic cleanup -- consider using 'copy' or 'link' instead
Jun-03 14:28:10.058 [main] DEBUG nextflow.executor.ExecutorFactory - << taskConfig executor: slurm
Jun-03 14:28:10.058 [main] DEBUG nextflow.executor.ExecutorFactory - >> processorType: 'slurm'
Jun-03 14:28:10.058 [main] DEBUG nextflow.processor.TaskProcessor - Creating process 'DO_KMERS_STATS': maxForks=0; fair=false; array=0
Jun-03 14:28:10.067 [main] DEBUG nextflow.script.ProcessConfig - Config settings `withName:COMBINE_KMC_COUNT` matches process COMBINE_KMC_COUNT
Jun-03 14:28:10.069 [main] DEBUG nextflow.executor.ExecutorFactory - << taskConfig executor: slurm
Jun-03 14:28:10.069 [main] DEBUG nextflow.executor.ExecutorFactory - >> processorType: 'slurm'
Jun-03 14:28:10.069 [main] DEBUG nextflow.processor.TaskProcessor - Creating process 'COMBINE_KMC_COUNT': maxForks=0; fair=false; array=0
Jun-03 14:28:10.072 [main] WARN  n.boost.cleanup.CleanupObserverV1 - Process `COMBINE_KMC_COUNT` is publishing files as symlinks, which may be invalidated by automatic cleanup -- consider using 'copy' or 'link' instead
Jun-03 14:28:10.078 [main] DEBUG nextflow.script.ProcessConfig - Config settings `withName:LIST_KMERS_FOUND_IN_MULTIPLE_SAMPLES` matches process LIST_KMERS_FOUND_IN_MULTIPLE_SAMPLES
Jun-03 14:28:10.080 [main] DEBUG nextflow.executor.ExecutorFactory - << taskConfig executor: slurm
Jun-03 14:28:10.080 [main] DEBUG nextflow.executor.ExecutorFactory - >> processorType: 'slurm'
Jun-03 14:28:10.081 [main] DEBUG nextflow.processor.TaskProcessor - Creating process 'LIST_KMERS_FOUND_IN_MULTIPLE_SAMPLES': maxForks=0; fair=false; array=0
Jun-03 14:28:10.084 [main] WARN  n.boost.cleanup.CleanupObserverV1 - Process `LIST_KMERS_FOUND_IN_MULTIPLE_SAMPLES` is publishing files as symlinks, which may be invalidated by automatic cleanup -- consider using 'copy' or 'link' instead
Jun-03 14:28:10.089 [main] DEBUG nextflow.script.ProcessConfig - Config settings `withName:BUILD_KMERS_TABLE` matches process BUILD_KMERS_TABLE
Jun-03 14:28:10.090 [main] DEBUG nextflow.executor.ExecutorFactory - << taskConfig executor: slurm
Jun-03 14:28:10.090 [main] DEBUG nextflow.executor.ExecutorFactory - >> processorType: 'slurm'
Jun-03 14:28:10.091 [main] DEBUG nextflow.processor.TaskProcessor - Creating process 'BUILD_KMERS_TABLE': maxForks=0; fair=false; array=0
Jun-03 14:28:10.093 [main] WARN  n.boost.cleanup.CleanupObserverV1 - Process `BUILD_KMERS_TABLE` is publishing files as symlinks, which may be invalidated by automatic cleanup -- consider using 'copy' or 'link' instead
Jun-03 14:28:10.094 [main] DEBUG nextflow.Session - Workflow process names [dsl2]: LIST_KMERS_FOUND_IN_MULTIPLE_SAMPLES, COMBINE_KMC_COUNT, KMC_COUNT_CANONIZED, BUILD_KMERS_TABLE, MAKE_KMC_READ_PATHS_FILE, KMC_COUNT_ALL, DO_KMERS_STATS, INSTALL_KMERS_GWAS
Jun-03 14:28:10.098 [main] DEBUG nextflow.Session - 'java.util.Map nextflow.Session.getPublishTargets()'
java.lang.NoSuchMethodError: 'java.util.Map nextflow.Session.getPublishTargets()'
	at nextflow.boost.cleanup.CleanupObserver.onFlowBegin(CleanupObserver.groovy:139)
	at nextflow.Session$_notifyFlowBegin_lambda38.doCall(Session.groovy:1088)
	at nextflow.Session.notifyEvent(Session.groovy:1138)
	at nextflow.Session.notifyFlowBegin(Session.groovy:1088)
	at nextflow.Session.fireDataflowNetwork(Session.groovy:530)
	at nextflow.script.ScriptRunner.run(ScriptRunner.groovy:250)
	at nextflow.script.ScriptRunner.execute(ScriptRunner.groovy:139)
	at nextflow.cli.CmdRun.run(CmdRun.groovy:379)
	at nextflow.cli.Launcher.run(Launcher.groovy:513)
	at nextflow.cli.Launcher.main(Launcher.groovy:673)
Jun-03 14:28:10.101 [main] DEBUG nextflow.Session - Igniting dataflow network (9)
Jun-03 14:28:10.107 [main] DEBUG nextflow.processor.TaskProcessor - Starting process > INSTALL_KMERS_GWAS
Jun-03 14:28:10.108 [main] DEBUG nextflow.processor.TaskProcessor - Starting process > MAKE_KMC_READ_PATHS_FILE
Jun-03 14:28:10.108 [main] DEBUG nextflow.processor.TaskProcessor - Starting process > KMC_COUNT_CANONIZED
Jun-03 14:28:10.108 [main] DEBUG nextflow.processor.TaskProcessor - Starting process > KMC_COUNT_ALL
Jun-03 14:28:10.109 [main] DEBUG nextflow.processor.TaskProcessor - Starting process > DO_KMERS_STATS
Jun-03 14:28:10.109 [main] DEBUG nextflow.processor.TaskProcessor - Starting process > COMBINE_KMC_COUNT
Jun-03 14:28:10.109 [main] DEBUG nextflow.processor.TaskProcessor - Starting process > LIST_KMERS_FOUND_IN_MULTIPLE_SAMPLES
Jun-03 14:28:10.110 [main] DEBUG nextflow.processor.TaskProcessor - Starting process > BUILD_KMERS_TABLE
Jun-03 14:28:10.111 [main] DEBUG nextflow.script.ScriptRunner - Parsed script files:
  Script_7ae389466d7a5fb2: /xdisk/rpalaniv/cjperkins1/kmers-gwas/nextflow/modules/do_kmers_stats.nf
  Script_bfd6390fe74607a0: /xdisk/rpalaniv/cjperkins1/kmers-gwas/nextflow/modules/build_kmers_table.nf
  Script_e010e5d604c0b2d2: /xdisk/rpalaniv/cjperkins1/kmers-gwas/nextflow/modules/list_kmers_found_in_multiple_samples.nf
  Script_e6a39a7f540da805: /xdisk/rpalaniv/cjperkins1/kmers-gwas/nextflow/modules/kmc_count_canonized.nf
  Script_bdc07a47c90bb146: /xdisk/rpalaniv/cjperkins1/kmers-gwas/nextflow/modules/install_kmers_gwas.nf
  Script_9d1dd7e99cb6983b: /xdisk/rpalaniv/cjperkins1/kmers-gwas/nextflow/workflows/nfkgwas.nf
  Script_4684e3b0cddc9b1d: /xdisk/rpalaniv/cjperkins1/kmers-gwas/nextflow/modules/make_kmc_read_paths_file.nf
  Script_eb8db00f546a5e7b: /xdisk/rpalaniv/cjperkins1/kmers-gwas/nextflow/modules/kmc_count_all.nf
  Script_f8fa419d38b76d9f: /xdisk/rpalaniv/cjperkins1/kmers-gwas/nextflow/modules/combine_kmc_count.nf
Jun-03 14:28:10.111 [main] DEBUG nextflow.script.ScriptRunner - > Awaiting termination 
Jun-03 14:28:10.111 [main] DEBUG nextflow.Session - Session await
Jun-03 14:28:10.170 [Actor Thread 32] INFO  nextflow.conda.CondaCache - Creating env using mamba: /xdisk/rpalaniv/cjperkins1/kmers-gwas/nextflow/workflows/../config/conda/kmers_gwas.yaml [cache /home/u28/cjperkins1/git/pollen_quantitative_genetics/nextflow/slurm/work/conda/env-a210acffc96d2dd2-4d2f1b7edf6ab3461d43c2d379546fa3]
Jun-03 14:28:10.221 [Task submitter] INFO  nextflow.Session - [c2/d23907] Submitted process > MAKE_KMC_READ_PATHS_FILE (MAKE_KMC_READ_PATHS_FILE on CW0021)
Jun-03 14:28:10.224 [Task submitter] INFO  nextflow.Session - [6f/47f470] Submitted process > MAKE_KMC_READ_PATHS_FILE (MAKE_KMC_READ_PATHS_FILE on CW0022)
Jun-03 14:28:10.226 [Task submitter] INFO  nextflow.Session - [f4/e66625] Submitted process > MAKE_KMC_READ_PATHS_FILE (MAKE_KMC_READ_PATHS_FILE on CW0018)
Jun-03 14:28:10.233 [Task monitor] DEBUG n.processor.TaskPollingMonitor - Task completed > TaskHandler[id: 3; name: MAKE_KMC_READ_PATHS_FILE (MAKE_KMC_READ_PATHS_FILE on CW0021); status: COMPLETED; exit: -; error: -; workDir: /home/u28/cjperkins1/git/pollen_quantitative_genetics/nextflow/slurm/work/c2/d239071e21c7f000f730e7629a5de7]
Jun-03 14:28:10.234 [Task monitor] DEBUG nextflow.util.ThreadPoolBuilder - Creating thread pool 'TaskFinalizer' minSize=10; maxSize=282; workQueue=LinkedBlockingQueue[-1]; allowCoreThreadTimeout=false
Jun-03 14:28:10.236 [Task monitor] DEBUG n.processor.TaskPollingMonitor - Task completed > TaskHandler[id: 4; name: MAKE_KMC_READ_PATHS_FILE (MAKE_KMC_READ_PATHS_FILE on CW0022); status: COMPLETED; exit: -; error: -; workDir: /home/u28/cjperkins1/git/pollen_quantitative_genetics/nextflow/slurm/work/6f/47f470cfbdcab2d4adadf1a60690c2]
Jun-03 14:28:10.237 [Task monitor] DEBUG n.processor.TaskPollingMonitor - Task completed > TaskHandler[id: 2; name: MAKE_KMC_READ_PATHS_FILE (MAKE_KMC_READ_PATHS_FILE on CW0018); status: COMPLETED; exit: -; error: -; workDir: /home/u28/cjperkins1/git/pollen_quantitative_genetics/nextflow/slurm/work/f4/e666255e3dae298e545e3c8fe69c8c]
Jun-03 14:28:10.285 [Actor Thread 39] INFO  nextflow.script.BaseScript - KMC count all on accession: CW0022, file list: file_paths_CW0022.txt
Jun-03 14:28:10.285 [Actor Thread 48] INFO  nextflow.script.BaseScript - KMC count all on accession: CW0021, file list: file_paths_CW0021.txt
Jun-03 14:28:10.285 [Actor Thread 43] INFO  nextflow.script.BaseScript - KMC count canonized on accession: CW0022, file list: file_paths_CW0022.txt
Jun-03 14:28:10.285 [Actor Thread 51] INFO  nextflow.script.BaseScript - KMC count canonized on accession: CW0018, file list: file_paths_CW0018.txt
Jun-03 14:28:10.285 [Actor Thread 52] INFO  nextflow.script.BaseScript - KMC count all on accession: CW0018, file list: file_paths_CW0018.txt
Jun-03 14:28:10.285 [Actor Thread 46] INFO  nextflow.script.BaseScript - KMC count canonized on accession: CW0021, file list: file_paths_CW0021.txt
Jun-03 14:28:10.296 [Actor Thread 58] INFO  nextflow.conda.CondaCache - Creating env using mamba: /xdisk/rpalaniv/cjperkins1/kmers-gwas/nextflow/workflows/../config/conda/kmc.yaml [cache /home/u28/cjperkins1/git/pollen_quantitative_genetics/nextflow/slurm/work/conda/env-c645178ae998f813-91763056502116d81c6b440402f23b6e]
Jun-03 14:31:18.208 [Actor Thread 32] DEBUG nextflow.conda.CondaCache - 'mamba' create complete env=/xdisk/rpalaniv/cjperkins1/kmers-gwas/nextflow/workflows/../config/conda/kmers_gwas.yaml path=/home/u28/cjperkins1/git/pollen_quantitative_genetics/nextflow/slurm/work/conda/env-a210acffc96d2dd2-4d2f1b7edf6ab3461d43c2d379546fa3
Jun-03 14:31:19.168 [Task submitter] DEBUG nextflow.executor.GridTaskHandler - [SLURM] submitted process INSTALL_KMERS_GWAS (INSTALL_KMERS_GWAS) > jobId: 13165789; workDir: /home/u28/cjperkins1/git/pollen_quantitative_genetics/nextflow/slurm/work/75/6e4de8ae48357e6b260cca0bc3676d
Jun-03 14:31:19.169 [Task submitter] INFO  nextflow.Session - [75/6e4de8] Submitted process > INSTALL_KMERS_GWAS (INSTALL_KMERS_GWAS)
Jun-03 14:31:23.769 [Actor Thread 58] DEBUG nextflow.conda.CondaCache - 'mamba' create complete env=/xdisk/rpalaniv/cjperkins1/kmers-gwas/nextflow/workflows/../config/conda/kmc.yaml path=/home/u28/cjperkins1/git/pollen_quantitative_genetics/nextflow/slurm/work/conda/env-c645178ae998f813-91763056502116d81c6b440402f23b6e
Jun-03 14:31:23.852 [Task submitter] DEBUG nextflow.executor.GridTaskHandler - [SLURM] submitted process KMC_COUNT_ALL (KMC_COUNT_ALL on CW0021) > jobId: 13165800; workDir: /home/u28/cjperkins1/git/pollen_quantitative_genetics/nextflow/slurm/work/5d/ec1b1789dc8424084433a626596e45
Jun-03 14:31:23.852 [Task submitter] INFO  nextflow.Session - [5d/ec1b17] Submitted process > KMC_COUNT_ALL (KMC_COUNT_ALL on CW0021)
Jun-03 14:31:23.908 [Task submitter] DEBUG nextflow.executor.GridTaskHandler - [SLURM] submitted process KMC_COUNT_CANONIZED (KMC_COUNT_CANONIZED on CW0018) > jobId: 13165801; workDir: /home/u28/cjperkins1/git/pollen_quantitative_genetics/nextflow/slurm/work/9a/64fa1d39f940efa5b157a06b7c3aa6
Jun-03 14:31:23.908 [Task submitter] INFO  nextflow.Session - [9a/64fa1d] Submitted process > KMC_COUNT_CANONIZED (KMC_COUNT_CANONIZED on CW0018)
Jun-03 14:31:23.960 [Task submitter] DEBUG nextflow.executor.GridTaskHandler - [SLURM] submitted process KMC_COUNT_CANONIZED (KMC_COUNT_CANONIZED on CW0021) > jobId: 13165802; workDir: /home/u28/cjperkins1/git/pollen_quantitative_genetics/nextflow/slurm/work/ac/1d73d2a9dc225bfa4695cfa3393d71
Jun-03 14:31:23.960 [Task submitter] INFO  nextflow.Session - [ac/1d73d2] Submitted process > KMC_COUNT_CANONIZED (KMC_COUNT_CANONIZED on CW0021)
Jun-03 14:31:24.013 [Task submitter] DEBUG nextflow.executor.GridTaskHandler - [SLURM] submitted process KMC_COUNT_ALL (KMC_COUNT_ALL on CW0018) > jobId: 13165803; workDir: /home/u28/cjperkins1/git/pollen_quantitative_genetics/nextflow/slurm/work/d2/0796816fc0cadffabbbd36fb774232
Jun-03 14:31:24.014 [Task submitter] INFO  nextflow.Session - [d2/079681] Submitted process > KMC_COUNT_ALL (KMC_COUNT_ALL on CW0018)
Jun-03 14:31:24.068 [Task submitter] DEBUG nextflow.executor.GridTaskHandler - [SLURM] submitted process KMC_COUNT_ALL (KMC_COUNT_ALL on CW0022) > jobId: 13165804; workDir: /home/u28/cjperkins1/git/pollen_quantitative_genetics/nextflow/slurm/work/9c/5398799177fef6ab6ac613f8e31f8b
Jun-03 14:31:24.068 [Task submitter] INFO  nextflow.Session - [9c/539879] Submitted process > KMC_COUNT_ALL (KMC_COUNT_ALL on CW0022)
Jun-03 14:31:24.120 [Task submitter] DEBUG nextflow.executor.GridTaskHandler - [SLURM] submitted process KMC_COUNT_CANONIZED (KMC_COUNT_CANONIZED on CW0022) > jobId: 13165805; workDir: /home/u28/cjperkins1/git/pollen_quantitative_genetics/nextflow/slurm/work/66/0ed698fa1ca5f10307424b8a9d676c
Jun-03 14:31:24.120 [Task submitter] INFO  nextflow.Session - [66/0ed698] Submitted process > KMC_COUNT_CANONIZED (KMC_COUNT_CANONIZED on CW0022)
Jun-03 14:31:49.911 [Task monitor] DEBUG n.processor.TaskPollingMonitor - Task completed > TaskHandler[jobId: 13165789; id: 1; name: INSTALL_KMERS_GWAS (INSTALL_KMERS_GWAS); status: COMPLETED; exit: 0; error: -; workDir: /home/u28/cjperkins1/git/pollen_quantitative_genetics/nextflow/slurm/work/75/6e4de8ae48357e6b260cca0bc3676d started: 1748986309908; exited: 2025-06-03T21:31:33.240166869Z; ]
Jun-03 14:33:10.141 [Task monitor] DEBUG n.processor.TaskPollingMonitor - !! executor local > No more task to compute -- The following nodes are still active:
[process] DO_KMERS_STATS
  status=ACTIVE
  port 0: (value) OPEN  ; channel: *
  port 1: (cntrl) -     ; channel: $

[process] COMBINE_KMC_COUNT
  status=ACTIVE
  port 0: (value) bound ; channel: kmers_gwas_base_dir
  port 1: (queue) OPEN  ; channel: -
  port 2: (cntrl) -     ; channel: $

[process] LIST_KMERS_FOUND_IN_MULTIPLE_SAMPLES
  status=ACTIVE
  port 0: (value) bound ; channel: kmers_gwas_base_dir
  port 1: (value) OPEN  ; channel: *
  port 2: (cntrl) -     ; channel: $

[process] BUILD_KMERS_TABLE
  status=ACTIVE
  port 0: (value) bound ; channel: kmers_gwas_base_dir
  port 1: (value) OPEN  ; channel: *
  port 2: (value) OPEN  ; channel: -
  port 3: (cntrl) -     ; channel: $

Jun-03 14:33:14.905 [Task monitor] DEBUG n.processor.TaskPollingMonitor - !! executor slurm > tasks to be completed: 6 -- submitted tasks are shown below
~> TaskHandler[jobId: 13165800; id: 8; name: KMC_COUNT_ALL (KMC_COUNT_ALL on CW0021); status: RUNNING; exit: -; error: -; workDir: /home/u28/cjperkins1/git/pollen_quantitative_genetics/nextflow/slurm/work/5d/ec1b1789dc8424084433a626596e45 started: 1748986314908; exited: -; ]
~> TaskHandler[jobId: 13165801; id: 9; name: KMC_COUNT_CANONIZED (KMC_COUNT_CANONIZED on CW0018); status: RUNNING; exit: -; error: -; workDir: /home/u28/cjperkins1/git/pollen_quantitative_genetics/nextflow/slurm/work/9a/64fa1d39f940efa5b157a06b7c3aa6 started: 1748986314914; exited: -; ]
~> TaskHandler[jobId: 13165802; id: 7; name: KMC_COUNT_CANONIZED (KMC_COUNT_CANONIZED on CW0021); status: RUNNING; exit: -; error: -; workDir: /home/u28/cjperkins1/git/pollen_quantitative_genetics/nextflow/slurm/work/ac/1d73d2a9dc225bfa4695cfa3393d71 started: 1748986314923; exited: -; ]
~> TaskHandler[jobId: 13165803; id: 10; name: KMC_COUNT_ALL (KMC_COUNT_ALL on CW0018); status: RUNNING; exit: -; error: -; workDir: /home/u28/cjperkins1/git/pollen_quantitative_genetics/nextflow/slurm/work/d2/0796816fc0cadffabbbd36fb774232 started: 1748986314928; exited: -; ]
~> TaskHandler[jobId: 13165804; id: 5; name: KMC_COUNT_ALL (KMC_COUNT_ALL on CW0022); status: RUNNING; exit: -; error: -; workDir: /home/u28/cjperkins1/git/pollen_quantitative_genetics/nextflow/slurm/work/9c/5398799177fef6ab6ac613f8e31f8b started: 1748986314933; exited: -; ]
~> TaskHandler[jobId: 13165805; id: 6; name: KMC_COUNT_CANONIZED (KMC_COUNT_CANONIZED on CW0022); status: RUNNING; exit: -; error: -; workDir: /home/u28/cjperkins1/git/pollen_quantitative_genetics/nextflow/slurm/work/66/0ed698fa1ca5f10307424b8a9d676c started: 1748986314938; exited: -; ]
Jun-03 14:33:34.916 [Task monitor] DEBUG n.processor.TaskPollingMonitor - Task completed > TaskHandler[jobId: 13165801; id: 9; name: KMC_COUNT_CANONIZED (KMC_COUNT_CANONIZED on CW0018); status: COMPLETED; exit: 0; error: -; workDir: /home/u28/cjperkins1/git/pollen_quantitative_genetics/nextflow/slurm/work/9a/64fa1d39f940efa5b157a06b7c3aa6 started: 1748986314914; exited: 2025-06-03T21:33:15.888867357Z; ]
Jun-03 14:33:39.917 [Task monitor] DEBUG n.processor.TaskPollingMonitor - Task completed > TaskHandler[jobId: 13165803; id: 10; name: KMC_COUNT_ALL (KMC_COUNT_ALL on CW0018); status: COMPLETED; exit: 0; error: -; workDir: /home/u28/cjperkins1/git/pollen_quantitative_genetics/nextflow/slurm/work/d2/0796816fc0cadffabbbd36fb774232 started: 1748986314928; exited: 2025-06-03T21:33:17.674739181Z; ]
Jun-03 14:33:39.936 [Actor Thread 79] INFO  nextflow.script.BaseScript - KMC count combine on accession: CW0018, kmers_gwas_dir: kmers_gwas_dir, kmc_count_canonized_pre: CW0018_kmc_count_canonized.kmc_pre, kmc_count_canonized_suf: CW0018_kmc_count_canonized.kmc_suf, kmc_count_all_pre: CW0018_kmc_count_all.kmc_pre, kmc_count_all_suf: CW0018_kmc_count_all.kmc_suf
Jun-03 14:33:39.972 [Actor Thread 82] INFO  nextflow.conda.CondaCache - Creating env using mamba: /xdisk/rpalaniv/cjperkins1/kmers-gwas/nextflow/workflows/../config/conda/kmers_gwas_combine_kmc_count.yaml [cache /home/u28/cjperkins1/git/pollen_quantitative_genetics/nextflow/slurm/work/conda/env-125351f98b845f6e-fd8c708e1f8b9079dd7b713226d264e6]
Jun-03 14:33:44.277 [Actor Thread 82] DEBUG nextflow.conda.CondaCache - 'mamba' create complete env=/xdisk/rpalaniv/cjperkins1/kmers-gwas/nextflow/workflows/../config/conda/kmers_gwas_combine_kmc_count.yaml path=/home/u28/cjperkins1/git/pollen_quantitative_genetics/nextflow/slurm/work/conda/env-125351f98b845f6e-fd8c708e1f8b9079dd7b713226d264e6
Jun-03 14:33:44.399 [Task submitter] DEBUG nextflow.executor.GridTaskHandler - [SLURM] submitted process COMBINE_KMC_COUNT (COMBINE_KMC_COUNT on CW0018) > jobId: 13165813; workDir: /home/u28/cjperkins1/git/pollen_quantitative_genetics/nextflow/slurm/work/e8/7221fccc5633f76bbaf4e6403a8ed5
Jun-03 14:33:44.399 [Task submitter] INFO  nextflow.Session - [e8/7221fc] Submitted process > COMBINE_KMC_COUNT (COMBINE_KMC_COUNT on CW0018)
Jun-03 14:33:59.913 [Task monitor] DEBUG n.processor.TaskPollingMonitor - Task completed > TaskHandler[jobId: 13165802; id: 7; name: KMC_COUNT_CANONIZED (KMC_COUNT_CANONIZED on CW0021); status: COMPLETED; exit: 0; error: -; workDir: /home/u28/cjperkins1/git/pollen_quantitative_genetics/nextflow/slurm/work/ac/1d73d2a9dc225bfa4695cfa3393d71 started: 1748986314923; exited: 2025-06-03T21:33:25.875527212Z; ]
Jun-03 14:33:59.920 [Task monitor] DEBUG n.processor.TaskPollingMonitor - Task completed > TaskHandler[jobId: 13165804; id: 5; name: KMC_COUNT_ALL (KMC_COUNT_ALL on CW0022); status: COMPLETED; exit: 0; error: -; workDir: /home/u28/cjperkins1/git/pollen_quantitative_genetics/nextflow/slurm/work/9c/5398799177fef6ab6ac613f8e31f8b started: 1748986314933; exited: 2025-06-03T21:33:46.066458678Z; ]
Jun-03 14:33:59.927 [Task monitor] DEBUG n.processor.TaskPollingMonitor - Task completed > TaskHandler[jobId: 13165805; id: 6; name: KMC_COUNT_CANONIZED (KMC_COUNT_CANONIZED on CW0022); status: COMPLETED; exit: 0; error: -; workDir: /home/u28/cjperkins1/git/pollen_quantitative_genetics/nextflow/slurm/work/66/0ed698fa1ca5f10307424b8a9d676c started: 1748986314938; exited: 2025-06-03T21:33:38.336817894Z; ]
Jun-03 14:33:59.941 [Actor Thread 94] INFO  nextflow.script.BaseScript - KMC count combine on accession: CW0022, kmers_gwas_dir: kmers_gwas_dir, kmc_count_canonized_pre: CW0022_kmc_count_canonized.kmc_pre, kmc_count_canonized_suf: CW0022_kmc_count_canonized.kmc_suf, kmc_count_all_pre: CW0022_kmc_count_all.kmc_pre, kmc_count_all_suf: CW0022_kmc_count_all.kmc_suf
Jun-03 14:34:00.006 [Task submitter] DEBUG nextflow.executor.GridTaskHandler - [SLURM] submitted process COMBINE_KMC_COUNT (COMBINE_KMC_COUNT on CW0022) > jobId: 13165816; workDir: /home/u28/cjperkins1/git/pollen_quantitative_genetics/nextflow/slurm/work/b3/8513733ccd3ae3a58858a98c355618
Jun-03 14:34:00.006 [Task submitter] INFO  nextflow.Session - [b3/851373] Submitted process > COMBINE_KMC_COUNT (COMBINE_KMC_COUNT on CW0022)
Jun-03 14:34:14.911 [Task monitor] DEBUG n.processor.TaskPollingMonitor - Task completed > TaskHandler[jobId: 13165800; id: 8; name: KMC_COUNT_ALL (KMC_COUNT_ALL on CW0021); status: COMPLETED; exit: 0; error: -; workDir: /home/u28/cjperkins1/git/pollen_quantitative_genetics/nextflow/slurm/work/5d/ec1b1789dc8424084433a626596e45 started: 1748986314908; exited: 2025-06-03T21:33:47.05995808Z; ]
Jun-03 14:34:14.925 [Actor Thread 90] INFO  nextflow.script.BaseScript - KMC count combine on accession: CW0021, kmers_gwas_dir: kmers_gwas_dir, kmc_count_canonized_pre: CW0021_kmc_count_canonized.kmc_pre, kmc_count_canonized_suf: CW0021_kmc_count_canonized.kmc_suf, kmc_count_all_pre: CW0021_kmc_count_all.kmc_pre, kmc_count_all_suf: CW0021_kmc_count_all.kmc_suf
Jun-03 14:34:14.997 [Task submitter] DEBUG nextflow.executor.GridTaskHandler - [SLURM] submitted process COMBINE_KMC_COUNT (COMBINE_KMC_COUNT on CW0021) > jobId: 13165817; workDir: /home/u28/cjperkins1/git/pollen_quantitative_genetics/nextflow/slurm/work/97/078495287adb3bc7aedb739140b9d8
Jun-03 14:34:14.998 [Task submitter] INFO  nextflow.Session - [97/078495] Submitted process > COMBINE_KMC_COUNT (COMBINE_KMC_COUNT on CW0021)
Jun-03 14:34:15.064 [Task submitter] DEBUG nextflow.executor.GridTaskHandler - [SLURM] submitted process DO_KMERS_STATS (DO_KMERS_STATS) > jobId: 13165818; workDir: /home/u28/cjperkins1/git/pollen_quantitative_genetics/nextflow/slurm/work/0c/e73f0b567c00d15ef8f86ef1555c4d
Jun-03 14:34:15.064 [Task submitter] INFO  nextflow.Session - [0c/e73f0b] Submitted process > DO_KMERS_STATS (DO_KMERS_STATS)
Jun-03 14:34:19.918 [Task monitor] DEBUG n.processor.TaskPollingMonitor - Task completed > TaskHandler[jobId: 13165818; id: 14; name: DO_KMERS_STATS (DO_KMERS_STATS); status: COMPLETED; exit: 0; error: -; workDir: /home/u28/cjperkins1/git/pollen_quantitative_genetics/nextflow/slurm/work/0c/e73f0b567c00d15ef8f86ef1555c4d started: 1748986459914; exited: 2025-06-03T21:34:19.521156938Z; ]
Jun-03 14:38:10.173 [Task monitor] DEBUG n.processor.TaskPollingMonitor - !! executor local > No more task to compute -- The following nodes are still active:
[process] LIST_KMERS_FOUND_IN_MULTIPLE_SAMPLES
  status=ACTIVE
  port 0: (value) bound ; channel: kmers_gwas_base_dir
  port 1: (value) OPEN  ; channel: *
  port 2: (cntrl) -     ; channel: $

[process] BUILD_KMERS_TABLE
  status=ACTIVE
  port 0: (value) bound ; channel: kmers_gwas_base_dir
  port 1: (value) OPEN  ; channel: *
  port 2: (value) OPEN  ; channel: -
  port 3: (cntrl) -     ; channel: $

Jun-03 14:38:14.913 [Task monitor] DEBUG n.processor.TaskPollingMonitor - !! executor slurm > tasks to be completed: 3 -- submitted tasks are shown below
~> TaskHandler[jobId: 13165813; id: 11; name: COMBINE_KMC_COUNT (COMBINE_KMC_COUNT on CW0018); status: RUNNING; exit: -; error: -; workDir: /home/u28/cjperkins1/git/pollen_quantitative_genetics/nextflow/slurm/work/e8/7221fccc5633f76bbaf4e6403a8ed5 started: 1748986454915; exited: -; ]
~> TaskHandler[jobId: 13165816; id: 12; name: COMBINE_KMC_COUNT (COMBINE_KMC_COUNT on CW0022); status: RUNNING; exit: -; error: -; workDir: /home/u28/cjperkins1/git/pollen_quantitative_genetics/nextflow/slurm/work/b3/8513733ccd3ae3a58858a98c355618 started: 1748986470003; exited: -; ]
~> TaskHandler[jobId: 13165817; id: 13; name: COMBINE_KMC_COUNT (COMBINE_KMC_COUNT on CW0021); status: RUNNING; exit: -; error: -; workDir: /home/u28/cjperkins1/git/pollen_quantitative_genetics/nextflow/slurm/work/97/078495287adb3bc7aedb739140b9d8 started: 1748986459909; exited: -; ]
Jun-03 14:43:49.920 [Task monitor] DEBUG nextflow.file.FileHelper - FS path type (true): /home/u28/cjperkins1/git/pollen_quantitative_genetics/nextflow/slurm/work
Jun-03 14:43:49.920 [Task monitor] DEBUG nextflow.file.FileHelper - FS path type (true): /home/u28/cjperkins1/git/pollen_quantitative_genetics/nextflow/slurm/work
